2022-06-21T06:22:42+00:00 CRITICAL Uncaught ArgumentCountError: Too few arguments to function apply_filters(), 1 passed in /var/www/html/new_22/tarun/wordpress/first_project/wp-content/themes/newblog/content-two.php on line 178 and exactly 2 expected in /var/www/html/new_22/tarun/wordpress/first_project/wp-includes/plugin.php:165
Stack trace:
#0 /var/www/html/new_22/tarun/wordpress/first_project/wp-content/themes/newblog/content-two.php(178): apply_filters()
#1 /var/www/html/new_22/tarun/wordpress/first_project/wp-includes/template.php(772): require('/var/www/html/n...')
#2 /var/www/html/new_22/tarun/wordpress/first_project/wp-includes/template.php(716): load_template()
#3 /var/www/html/new_22/tarun/wordpress/first_project/wp-includes/general-template.php(204): locate_template()
#4 /var/www/html/new_22/tarun/wordpress/first_project/wp-content/themes/newblog/front-page.php(7): get_template_part()
#5 /var/www/html/new_22/tarun/wordpress/first_project/wp-includes/template-loader.php(106): include('/var/www/html/n...')
#6 /var/www/html/new_22/taru in /var/www/html/new_22/tarun/wordpress/first_project/wp-includes/plugin.php on line 165

2022-06-21T06:23:18+00:00 CRITICAL Uncaught ArgumentCountError: Too few arguments to function apply_filters(), 1 passed in /var/www/html/new_22/tarun/wordpress/first_project/wp-content/themes/newblog/content-two.php on line 178 and exactly 2 expected in /var/www/html/new_22/tarun/wordpress/first_project/wp-includes/plugin.php:165
Stack trace:
#0 /var/www/html/new_22/tarun/wordpress/first_project/wp-content/themes/newblog/content-two.php(178): apply_filters()
#1 /var/www/html/new_22/tarun/wordpress/first_project/wp-includes/template.php(772): require('/var/www/html/n...')
#2 /var/www/html/new_22/tarun/wordpress/first_project/wp-includes/template.php(716): load_template()
#3 /var/www/html/new_22/tarun/wordpress/first_project/wp-includes/general-template.php(204): locate_template()
#4 /var/www/html/new_22/tarun/wordpress/first_project/wp-content/themes/newblog/front-page.php(7): get_template_part()
#5 /var/www/html/new_22/tarun/wordpress/first_project/wp-includes/template-loader.php(106): include('/var/www/html/n...')
#6 /var/www/html/new_22/taru in /var/www/html/new_22/tarun/wordpress/first_project/wp-includes/plugin.php on line 165

2022-06-21T06:26:47+00:00 CRITICAL Uncaught Error: Object of class WP_Post could not be converted to string in /var/www/html/new_22/tarun/wordpress/first_project/wp-content/themes/newblog/functions.php:96
Stack trace:
#0 /var/www/html/new_22/tarun/wordpress/first_project/wp-includes/class-wp-hook.php(307): callback_fun_get_post()
#1 /var/www/html/new_22/tarun/wordpress/first_project/wp-includes/plugin.php(191): WP_Hook->apply_filters()
#2 /var/www/html/new_22/tarun/wordpress/first_project/wp-content/themes/newblog/content-two.php(178): apply_filters()
#3 /var/www/html/new_22/tarun/wordpress/first_project/wp-includes/template.php(772): require('/var/www/html/n...')
#4 /var/www/html/new_22/tarun/wordpress/first_project/wp-includes/template.php(716): load_template()
#5 /var/www/html/new_22/tarun/wordpress/first_project/wp-includes/general-template.php(204): locate_template()
#6 /var/www/html/new_22/tarun/wordpress/first_project/wp-content/themes/newblog/front-page.php(7): get_template_part()
#7 /var/www/html/new_22/tarun/wordpress/first_project/w in /var/www/html/new_22/tarun/wordpress/first_project/wp-content/themes/newblog/functions.php on line 96

2022-06-21T07:13:43+00:00 CRITICAL Uncaught Error: Object of class WP_Term could not be converted to string in /var/www/html/new_22/tarun/wordpress/first_project/wp-content/themes/newblog/content-two.php:48
Stack trace:
#0 /var/www/html/new_22/tarun/wordpress/first_project/wp-includes/template.php(772): require()
#1 /var/www/html/new_22/tarun/wordpress/first_project/wp-includes/template.php(716): load_template()
#2 /var/www/html/new_22/tarun/wordpress/first_project/wp-includes/general-template.php(204): locate_template()
#3 /var/www/html/new_22/tarun/wordpress/first_project/wp-content/themes/newblog/front-page.php(7): get_template_part()
#4 /var/www/html/new_22/tarun/wordpress/first_project/wp-includes/template-loader.php(106): include('/var/www/html/n...')
#5 /var/www/html/new_22/tarun/wordpress/first_project/wp-blog-header.php(19): require_once('/var/www/html/n...')
#6 /var/www/html/new_22/tarun/wordpress/first_project/index.php(17): require('/var/www/html/n...')
#7 {main}
  thrown in /var/www/html/new_22/tarun/wordpress/first_project/wp-content/themes/newblog/content-two.php on line 48

2022-06-21T07:21:52+00:00 CRITICAL Uncaught Error: Object of class WP_Term could not be converted to string in /var/www/html/new_22/tarun/wordpress/first_project/wp-content/themes/newblog/content-two.php:48
Stack trace:
#0 /var/www/html/new_22/tarun/wordpress/first_project/wp-includes/template.php(772): require()
#1 /var/www/html/new_22/tarun/wordpress/first_project/wp-includes/template.php(716): load_template()
#2 /var/www/html/new_22/tarun/wordpress/first_project/wp-includes/general-template.php(204): locate_template()
#3 /var/www/html/new_22/tarun/wordpress/first_project/wp-content/themes/newblog/front-page.php(7): get_template_part()
#4 /var/www/html/new_22/tarun/wordpress/first_project/wp-includes/template-loader.php(106): include('/var/www/html/n...')
#5 /var/www/html/new_22/tarun/wordpress/first_project/wp-blog-header.php(19): require_once('/var/www/html/n...')
#6 /var/www/html/new_22/tarun/wordpress/first_project/index.php(17): require('/var/www/html/n...')
#7 {main}
  thrown in /var/www/html/new_22/tarun/wordpress/first_project/wp-content/themes/newblog/content-two.php on line 48

2022-06-21T10:13:01+00:00 CRITICAL Uncaught Error: Call to undefined function get_ID() in /var/www/html/new_22/tarun/wordpress/first_project/wp-content/themes/newblog/content-two.php:17
Stack trace:
#0 /var/www/html/new_22/tarun/wordpress/first_project/wp-includes/template.php(772): require()
#1 /var/www/html/new_22/tarun/wordpress/first_project/wp-includes/template.php(716): load_template()
#2 /var/www/html/new_22/tarun/wordpress/first_project/wp-includes/general-template.php(204): locate_template()
#3 /var/www/html/new_22/tarun/wordpress/first_project/wp-content/themes/newblog/front-page.php(7): get_template_part()
#4 /var/www/html/new_22/tarun/wordpress/first_project/wp-includes/template-loader.php(106): include('/var/www/html/n...')
#5 /var/www/html/new_22/tarun/wordpress/first_project/wp-blog-header.php(19): require_once('/var/www/html/n...')
#6 /var/www/html/new_22/tarun/wordpress/first_project/index.php(17): require('/var/www/html/n...')
#7 {main}
  thrown in /var/www/html/new_22/tarun/wordpress/first_project/wp-content/themes/newblog/content-two.php on line 17

