2022-07-07T06:51:39+00:00 CRITICAL Uncaught ArgumentCountError: Too few arguments to function custom_query_var(), 1 passed in /var/www/html/new_22/tarun/wordpress/first_project/wp-includes/class-wp-hook.php on line 307 and exactly 2 expected in /var/www/html/new_22/tarun/wordpress/first_project/wp-content/themes/newblog/functions.php:427
Stack trace:
#0 /var/www/html/new_22/tarun/wordpress/first_project/wp-includes/class-wp-hook.php(307): custom_query_var()
#1 /var/www/html/new_22/tarun/wordpress/first_project/wp-includes/plugin.php(191): WP_Hook->apply_filters()
#2 /var/www/html/new_22/tarun/wordpress/first_project/wp-includes/class-wp.php(298): apply_filters()
#3 /var/www/html/new_22/tarun/wordpress/first_project/wp-includes/class-wp.php(770): WP->parse_request()
#4 /var/www/html/new_22/tarun/wordpress/first_project/wp-includes/functions.php(1330): WP->main()
#5 /var/www/html/new_22/tarun/wordpress/first_project/wp-blog-header.php(16): wp()
#6 /var/www/html/new_22/tarun/wordpress/first_project/index.php(17): require('/var/www/html/n...')
#7  in /var/www/html/new_22/tarun/wordpress/first_project/wp-content/themes/newblog/functions.php on line 427

2022-07-07T06:51:43+00:00 CRITICAL Uncaught ArgumentCountError: Too few arguments to function custom_query_var(), 1 passed in /var/www/html/new_22/tarun/wordpress/first_project/wp-includes/class-wp-hook.php on line 307 and exactly 2 expected in /var/www/html/new_22/tarun/wordpress/first_project/wp-content/themes/newblog/functions.php:427
Stack trace:
#0 /var/www/html/new_22/tarun/wordpress/first_project/wp-includes/class-wp-hook.php(307): custom_query_var()
#1 /var/www/html/new_22/tarun/wordpress/first_project/wp-includes/plugin.php(191): WP_Hook->apply_filters()
#2 /var/www/html/new_22/tarun/wordpress/first_project/wp-includes/class-wp.php(298): apply_filters()
#3 /var/www/html/new_22/tarun/wordpress/first_project/wp-includes/class-wp.php(770): WP->parse_request()
#4 /var/www/html/new_22/tarun/wordpress/first_project/wp-includes/functions.php(1330): WP->main()
#5 /var/www/html/new_22/tarun/wordpress/first_project/wp-blog-header.php(16): wp()
#6 /var/www/html/new_22/tarun/wordpress/first_project/index.php(17): require('/var/www/html/n...')
#7  in /var/www/html/new_22/tarun/wordpress/first_project/wp-content/themes/newblog/functions.php on line 427

2022-07-07T06:52:05+00:00 CRITICAL Uncaught ArgumentCountError: Too few arguments to function custom_query_var(), 1 passed in /var/www/html/new_22/tarun/wordpress/first_project/wp-includes/class-wp-hook.php on line 307 and exactly 2 expected in /var/www/html/new_22/tarun/wordpress/first_project/wp-content/themes/newblog/functions.php:427
Stack trace:
#0 /var/www/html/new_22/tarun/wordpress/first_project/wp-includes/class-wp-hook.php(307): custom_query_var()
#1 /var/www/html/new_22/tarun/wordpress/first_project/wp-includes/plugin.php(191): WP_Hook->apply_filters()
#2 /var/www/html/new_22/tarun/wordpress/first_project/wp-includes/class-wp.php(298): apply_filters()
#3 /var/www/html/new_22/tarun/wordpress/first_project/wp-includes/class-wp.php(770): WP->parse_request()
#4 /var/www/html/new_22/tarun/wordpress/first_project/wp-includes/functions.php(1330): WP->main()
#5 /var/www/html/new_22/tarun/wordpress/first_project/wp-blog-header.php(16): wp()
#6 /var/www/html/new_22/tarun/wordpress/first_project/index.php(17): require('/var/www/html/n...')
#7  in /var/www/html/new_22/tarun/wordpress/first_project/wp-content/themes/newblog/functions.php on line 427

2022-07-07T06:52:29+00:00 CRITICAL Uncaught ArgumentCountError: Too few arguments to function custom_query_var(), 1 passed in /var/www/html/new_22/tarun/wordpress/first_project/wp-includes/class-wp-hook.php on line 307 and exactly 2 expected in /var/www/html/new_22/tarun/wordpress/first_project/wp-content/themes/newblog/functions.php:427
Stack trace:
#0 /var/www/html/new_22/tarun/wordpress/first_project/wp-includes/class-wp-hook.php(307): custom_query_var()
#1 /var/www/html/new_22/tarun/wordpress/first_project/wp-includes/plugin.php(191): WP_Hook->apply_filters()
#2 /var/www/html/new_22/tarun/wordpress/first_project/wp-includes/class-wp.php(298): apply_filters()
#3 /var/www/html/new_22/tarun/wordpress/first_project/wp-includes/class-wp.php(770): WP->parse_request()
#4 /var/www/html/new_22/tarun/wordpress/first_project/wp-includes/functions.php(1330): WP->main()
#5 /var/www/html/new_22/tarun/wordpress/first_project/wp-blog-header.php(16): wp()
#6 /var/www/html/new_22/tarun/wordpress/first_project/index.php(17): require('/var/www/html/n...')
#7  in /var/www/html/new_22/tarun/wordpress/first_project/wp-content/themes/newblog/functions.php on line 427

2022-07-07T08:22:58+00:00 CRITICAL syntax error, unexpected '}', expecting ';' in /var/www/html/new_22/tarun/wordpress/first_project/wp-content/themes/newblog/page-custom-template.php on line 12

