2022-06-23T04:24:13+00:00 CRITICAL Uncaught Error: Function name must be a string in /var/www/html/new_22/tarun/wordpress/first_project/wp-content/themes/newblog/single-post.php:22
Stack trace:
#0 /var/www/html/new_22/tarun/wordpress/first_project/wp-includes/template-loader.php(106): include()
#1 /var/www/html/new_22/tarun/wordpress/first_project/wp-blog-header.php(19): require_once('/var/www/html/n...')
#2 /var/www/html/new_22/tarun/wordpress/first_project/index.php(17): require('/var/www/html/n...')
#3 {main}
  thrown in /var/www/html/new_22/tarun/wordpress/first_project/wp-content/themes/newblog/single-post.php on line 22

2022-06-23T04:24:29+00:00 CRITICAL Uncaught Error: Function name must be a string in /var/www/html/new_22/tarun/wordpress/first_project/wp-content/themes/newblog/single-post.php:22
Stack trace:
#0 /var/www/html/new_22/tarun/wordpress/first_project/wp-includes/template-loader.php(106): include()
#1 /var/www/html/new_22/tarun/wordpress/first_project/wp-blog-header.php(19): require_once('/var/www/html/n...')
#2 /var/www/html/new_22/tarun/wordpress/first_project/index.php(17): require('/var/www/html/n...')
#3 {main}
  thrown in /var/www/html/new_22/tarun/wordpress/first_project/wp-content/themes/newblog/single-post.php on line 22

2022-06-23T05:07:57+00:00 CRITICAL syntax error, unexpected '<', expecting end of file in /var/www/html/new_22/tarun/wordpress/first_project/wp-content/themes/newblog/home.php on line 3

2022-06-23T05:43:12+00:00 CRITICAL Uncaught Error: Call to a member function is_front_page() on null in /var/www/html/new_22/tarun/wordpress/first_project/wp-content/themes/newblog/content-blog-sidebar.php:9
Stack trace:
#0 /var/www/html/new_22/tarun/wordpress/first_project/wp-includes/template.php(772): require()
#1 /var/www/html/new_22/tarun/wordpress/first_project/wp-includes/template.php(716): load_template()
#2 /var/www/html/new_22/tarun/wordpress/first_project/wp-includes/general-template.php(204): locate_template()
#3 /var/www/html/new_22/tarun/wordpress/first_project/wp-content/themes/newblog/front-page.php(8): get_template_part()
#4 /var/www/html/new_22/tarun/wordpress/first_project/wp-includes/template-loader.php(106): include('/var/www/html/n...')
#5 /var/www/html/new_22/tarun/wordpress/first_project/wp-blog-header.php(19): require_once('/var/www/html/n...')
#6 /var/www/html/new_22/tarun/wordpress/first_project/index.php(17): require('/var/www/html/n...')
#7 {main}
  thrown in /var/www/html/new_22/tarun/wordpress/first_project/wp-content/themes/newblog/content-blog-sidebar.php on line 9

2022-06-23T05:43:16+00:00 CRITICAL Uncaught Error: Call to a member function is_front_page() on null in /var/www/html/new_22/tarun/wordpress/first_project/wp-content/themes/newblog/content-blog-sidebar.php:9
Stack trace:
#0 /var/www/html/new_22/tarun/wordpress/first_project/wp-includes/template.php(772): require()
#1 /var/www/html/new_22/tarun/wordpress/first_project/wp-includes/template.php(716): load_template()
#2 /var/www/html/new_22/tarun/wordpress/first_project/wp-includes/general-template.php(204): locate_template()
#3 /var/www/html/new_22/tarun/wordpress/first_project/wp-content/themes/newblog/single-post.php(137): get_template_part()
#4 /var/www/html/new_22/tarun/wordpress/first_project/wp-includes/template-loader.php(106): include('/var/www/html/n...')
#5 /var/www/html/new_22/tarun/wordpress/first_project/wp-blog-header.php(19): require_once('/var/www/html/n...')
#6 /var/www/html/new_22/tarun/wordpress/first_project/index.php(17): require('/var/www/html/n...')
#7 {main}
  thrown in /var/www/html/new_22/tarun/wordpress/first_project/wp-content/themes/newblog/content-blog-sidebar.php on line 9

2022-06-23T05:44:48+00:00 CRITICAL Uncaught Error: Call to a member function is_front_page() on null in /var/www/html/new_22/tarun/wordpress/first_project/wp-content/themes/newblog/content-blog-sidebar.php:9
Stack trace:
#0 /var/www/html/new_22/tarun/wordpress/first_project/wp-includes/template.php(772): require()
#1 /var/www/html/new_22/tarun/wordpress/first_project/wp-includes/template.php(716): load_template()
#2 /var/www/html/new_22/tarun/wordpress/first_project/wp-includes/general-template.php(204): locate_template()
#3 /var/www/html/new_22/tarun/wordpress/first_project/wp-content/themes/newblog/single-post.php(137): get_template_part()
#4 /var/www/html/new_22/tarun/wordpress/first_project/wp-includes/template-loader.php(106): include('/var/www/html/n...')
#5 /var/www/html/new_22/tarun/wordpress/first_project/wp-blog-header.php(19): require_once('/var/www/html/n...')
#6 /var/www/html/new_22/tarun/wordpress/first_project/index.php(17): require('/var/www/html/n...')
#7 {main}
  thrown in /var/www/html/new_22/tarun/wordpress/first_project/wp-content/themes/newblog/content-blog-sidebar.php on line 9

2022-06-23T05:44:52+00:00 CRITICAL Uncaught Error: Call to a member function is_front_page() on null in /var/www/html/new_22/tarun/wordpress/first_project/wp-content/themes/newblog/content-blog-sidebar.php:9
Stack trace:
#0 /var/www/html/new_22/tarun/wordpress/first_project/wp-includes/template.php(772): require()
#1 /var/www/html/new_22/tarun/wordpress/first_project/wp-includes/template.php(716): load_template()
#2 /var/www/html/new_22/tarun/wordpress/first_project/wp-includes/general-template.php(204): locate_template()
#3 /var/www/html/new_22/tarun/wordpress/first_project/wp-content/themes/newblog/front-page.php(8): get_template_part()
#4 /var/www/html/new_22/tarun/wordpress/first_project/wp-includes/template-loader.php(106): include('/var/www/html/n...')
#5 /var/www/html/new_22/tarun/wordpress/first_project/wp-blog-header.php(19): require_once('/var/www/html/n...')
#6 /var/www/html/new_22/tarun/wordpress/first_project/index.php(17): require('/var/www/html/n...')
#7 {main}
  thrown in /var/www/html/new_22/tarun/wordpress/first_project/wp-content/themes/newblog/content-blog-sidebar.php on line 9

2022-06-23T05:50:59+00:00 CRITICAL Uncaught Error: Call to a member function is_front_page() on null in /var/www/html/new_22/tarun/wordpress/first_project/wp-content/themes/newblog/content-blog-sidebar.php:9
Stack trace:
#0 /var/www/html/new_22/tarun/wordpress/first_project/wp-includes/template.php(772): require()
#1 /var/www/html/new_22/tarun/wordpress/first_project/wp-includes/template.php(716): load_template()
#2 /var/www/html/new_22/tarun/wordpress/first_project/wp-includes/general-template.php(204): locate_template()
#3 /var/www/html/new_22/tarun/wordpress/first_project/wp-content/themes/newblog/front-page.php(8): get_template_part()
#4 /var/www/html/new_22/tarun/wordpress/first_project/wp-includes/template-loader.php(106): include('/var/www/html/n...')
#5 /var/www/html/new_22/tarun/wordpress/first_project/wp-blog-header.php(19): require_once('/var/www/html/n...')
#6 /var/www/html/new_22/tarun/wordpress/first_project/index.php(17): require('/var/www/html/n...')
#7 {main}
  thrown in /var/www/html/new_22/tarun/wordpress/first_project/wp-content/themes/newblog/content-blog-sidebar.php on line 9

2022-06-23T05:51:05+00:00 CRITICAL Uncaught Error: Call to a member function is_front_page() on null in /var/www/html/new_22/tarun/wordpress/first_project/wp-content/themes/newblog/content-blog-sidebar.php:9
Stack trace:
#0 /var/www/html/new_22/tarun/wordpress/first_project/wp-includes/template.php(772): require()
#1 /var/www/html/new_22/tarun/wordpress/first_project/wp-includes/template.php(716): load_template()
#2 /var/www/html/new_22/tarun/wordpress/first_project/wp-includes/general-template.php(204): locate_template()
#3 /var/www/html/new_22/tarun/wordpress/first_project/wp-content/themes/newblog/front-page.php(8): get_template_part()
#4 /var/www/html/new_22/tarun/wordpress/first_project/wp-includes/template-loader.php(106): include('/var/www/html/n...')
#5 /var/www/html/new_22/tarun/wordpress/first_project/wp-blog-header.php(19): require_once('/var/www/html/n...')
#6 /var/www/html/new_22/tarun/wordpress/first_project/index.php(17): require('/var/www/html/n...')
#7 {main}
  thrown in /var/www/html/new_22/tarun/wordpress/first_project/wp-content/themes/newblog/content-blog-sidebar.php on line 9

2022-06-23T05:59:25+00:00 CRITICAL Uncaught Error: Call to a member function is_front_page() on null in /var/www/html/new_22/tarun/wordpress/first_project/wp-content/themes/newblog/home.php:239
Stack trace:
#0 /var/www/html/new_22/tarun/wordpress/first_project/wp-includes/template-loader.php(106): include()
#1 /var/www/html/new_22/tarun/wordpress/first_project/wp-blog-header.php(19): require_once('/var/www/html/n...')
#2 /var/www/html/new_22/tarun/wordpress/first_project/index.php(17): require('/var/www/html/n...')
#3 {main}
  thrown in /var/www/html/new_22/tarun/wordpress/first_project/wp-content/themes/newblog/home.php on line 239

2022-06-23T05:59:48+00:00 CRITICAL Uncaught Error: Call to a member function is_front_page() on null in /var/www/html/new_22/tarun/wordpress/first_project/wp-content/themes/newblog/home.php:239
Stack trace:
#0 /var/www/html/new_22/tarun/wordpress/first_project/wp-includes/template-loader.php(106): include()
#1 /var/www/html/new_22/tarun/wordpress/first_project/wp-blog-header.php(19): require_once('/var/www/html/n...')
#2 /var/www/html/new_22/tarun/wordpress/first_project/index.php(17): require('/var/www/html/n...')
#3 {main}
  thrown in /var/www/html/new_22/tarun/wordpress/first_project/wp-content/themes/newblog/home.php on line 239

2022-06-23T06:06:31+00:00 CRITICAL Uncaught Error: Call to a member function is_front_page() on null in /var/www/html/new_22/tarun/wordpress/first_project/wp-content/themes/newblog/home.php:239
Stack trace:
#0 /var/www/html/new_22/tarun/wordpress/first_project/wp-includes/template-loader.php(106): include()
#1 /var/www/html/new_22/tarun/wordpress/first_project/wp-blog-header.php(19): require_once('/var/www/html/n...')
#2 /var/www/html/new_22/tarun/wordpress/first_project/index.php(17): require('/var/www/html/n...')
#3 {main}
  thrown in /var/www/html/new_22/tarun/wordpress/first_project/wp-content/themes/newblog/home.php on line 239

2022-06-23T06:09:57+00:00 CRITICAL Uncaught Error: Call to a member function is_front_page() on null in /var/www/html/new_22/tarun/wordpress/first_project/wp-content/themes/newblog/home.php:239
Stack trace:
#0 /var/www/html/new_22/tarun/wordpress/first_project/wp-includes/template-loader.php(106): include()
#1 /var/www/html/new_22/tarun/wordpress/first_project/wp-blog-header.php(19): require_once('/var/www/html/n...')
#2 /var/www/html/new_22/tarun/wordpress/first_project/index.php(17): require('/var/www/html/n...')
#3 {main}
  thrown in /var/www/html/new_22/tarun/wordpress/first_project/wp-content/themes/newblog/home.php on line 239

2022-06-23T06:58:21+00:00 CRITICAL Uncaught Error: Cannot use object of type WP_Term as array in /var/www/html/new_22/tarun/wordpress/first_project/wp-content/themes/newblog/home.php:76
Stack trace:
#0 /var/www/html/new_22/tarun/wordpress/first_project/wp-includes/template-loader.php(106): include()
#1 /var/www/html/new_22/tarun/wordpress/first_project/wp-blog-header.php(19): require_once('/var/www/html/n...')
#2 /var/www/html/new_22/tarun/wordpress/first_project/index.php(17): require('/var/www/html/n...')
#3 {main}
  thrown in /var/www/html/new_22/tarun/wordpress/first_project/wp-content/themes/newblog/home.php on line 76

2022-06-23T09:35:28+00:00 CRITICAL Cannot redeclare callback_fn_post_excerpt() (previously declared in /var/www/html/new_22/tarun/wordpress/first_project/wp-content/themes/newblog/home.php:99) in /var/www/html/new_22/tarun/wordpress/first_project/wp-content/themes/newblog/home.php on line 99

2022-06-23T09:35:34+00:00 CRITICAL Cannot redeclare callback_fn_post_excerpt() (previously declared in /var/www/html/new_22/tarun/wordpress/first_project/wp-content/themes/newblog/home.php:99) in /var/www/html/new_22/tarun/wordpress/first_project/wp-content/themes/newblog/home.php on line 99

2022-06-23T09:36:53+00:00 CRITICAL Cannot redeclare callback_fn_post_excerpt() (previously declared in /var/www/html/new_22/tarun/wordpress/first_project/wp-content/themes/newblog/home.php:99) in /var/www/html/new_22/tarun/wordpress/first_project/wp-content/themes/newblog/home.php on line 99

