2022-06-20T04:57:47+00:00 CRITICAL syntax error, unexpected ';', expecting ')' in /var/www/html/new_22/tarun/wordpress/first_project/wp-content/themes/newblog/header.php on line 55

2022-06-20T06:08:37+00:00 CRITICAL Allowed memory size of 134217728 bytes exhausted (tried to allocate 8192 bytes) in /var/www/html/new_22/tarun/wordpress/first_project/wp-content/themes/newblog/content.php on line 9

2022-06-20T06:10:31+00:00 CRITICAL Allowed memory size of 134217728 bytes exhausted (tried to allocate 12288 bytes) in /var/www/html/new_22/tarun/wordpress/first_project/wp-includes/functions.php on line 651

2022-06-20T06:10:51+00:00 CRITICAL Allowed memory size of 134217728 bytes exhausted (tried to allocate 12288 bytes) in /var/www/html/new_22/tarun/wordpress/first_project/wp-includes/functions.php on line 651

2022-06-20T06:11:35+00:00 CRITICAL Allowed memory size of 134217728 bytes exhausted (tried to allocate 8192 bytes) in /var/www/html/new_22/tarun/wordpress/first_project/wp-includes/capabilities.php on line 1042

2022-06-20T06:11:36+00:00 CRITICAL Allowed memory size of 134217728 bytes exhausted (tried to allocate 8192 bytes) in /var/www/html/new_22/tarun/wordpress/first_project/wp-includes/capabilities.php on line 1042

2022-06-20T06:12:24+00:00 CRITICAL Allowed memory size of 134217728 bytes exhausted (tried to allocate 8192 bytes) in /var/www/html/new_22/tarun/wordpress/first_project/wp-includes/capabilities.php on line 1042

2022-06-20T06:13:06+00:00 CRITICAL Allowed memory size of 134217728 bytes exhausted (tried to allocate 8192 bytes) in /var/www/html/new_22/tarun/wordpress/first_project/wp-includes/capabilities.php on line 1042

2022-06-20T06:13:44+00:00 CRITICAL Allowed memory size of 134217728 bytes exhausted (tried to allocate 8192 bytes) in /var/www/html/new_22/tarun/wordpress/first_project/wp-includes/capabilities.php on line 1042

2022-06-20T06:13:45+00:00 CRITICAL Allowed memory size of 134217728 bytes exhausted (tried to allocate 8192 bytes) in /var/www/html/new_22/tarun/wordpress/first_project/wp-includes/capabilities.php on line 1042

2022-06-20T07:00:40+00:00 CRITICAL Maximum execution time of 30 seconds exceeded in /var/www/html/new_22/tarun/wordpress/first_project/wp-includes/template.php on line 703

2022-06-20T07:02:34+00:00 CRITICAL Maximum execution time of 30 seconds exceeded in /var/www/html/new_22/tarun/wordpress/first_project/wp-includes/template.php on line 703

2022-06-20T07:08:13+00:00 CRITICAL Maximum execution time of 30 seconds exceeded in /var/www/html/new_22/tarun/wordpress/first_project/wp-includes/query.php on line 936

2022-06-20T07:12:00+00:00 CRITICAL Maximum execution time of 30 seconds exceeded in /var/www/html/new_22/tarun/wordpress/first_project/wp-includes/class-wp-theme-json.php on line 1571

2022-06-20T10:24:16+00:00 CRITICAL Uncaught Error: Object of class WP_Term could not be converted to string in /var/www/html/new_22/tarun/wordpress/first_project/wp-content/themes/newblog/content.php:22
Stack trace:
#0 /var/www/html/new_22/tarun/wordpress/first_project/wp-includes/template.php(772): require()
#1 /var/www/html/new_22/tarun/wordpress/first_project/wp-includes/template.php(716): load_template()
#2 /var/www/html/new_22/tarun/wordpress/first_project/wp-includes/general-template.php(204): locate_template()
#3 /var/www/html/new_22/tarun/wordpress/first_project/wp-content/themes/newblog/front-page.php(6): get_template_part()
#4 /var/www/html/new_22/tarun/wordpress/first_project/wp-includes/template-loader.php(106): include('/var/www/html/n...')
#5 /var/www/html/new_22/tarun/wordpress/first_project/wp-blog-header.php(19): require_once('/var/www/html/n...')
#6 /var/www/html/new_22/tarun/wordpress/first_project/index.php(17): require('/var/www/html/n...')
#7 {main}
  thrown in /var/www/html/new_22/tarun/wordpress/first_project/wp-content/themes/newblog/content.php on line 22

2022-06-20T10:25:25+00:00 CRITICAL Uncaught Error: Object of class WP_Term could not be converted to string in /var/www/html/new_22/tarun/wordpress/first_project/wp-content/themes/newblog/content.php:22
Stack trace:
#0 /var/www/html/new_22/tarun/wordpress/first_project/wp-includes/template.php(772): require()
#1 /var/www/html/new_22/tarun/wordpress/first_project/wp-includes/template.php(716): load_template()
#2 /var/www/html/new_22/tarun/wordpress/first_project/wp-includes/general-template.php(204): locate_template()
#3 /var/www/html/new_22/tarun/wordpress/first_project/wp-content/themes/newblog/front-page.php(6): get_template_part()
#4 /var/www/html/new_22/tarun/wordpress/first_project/wp-includes/template-loader.php(106): include('/var/www/html/n...')
#5 /var/www/html/new_22/tarun/wordpress/first_project/wp-blog-header.php(19): require_once('/var/www/html/n...')
#6 /var/www/html/new_22/tarun/wordpress/first_project/index.php(17): require('/var/www/html/n...')
#7 {main}
  thrown in /var/www/html/new_22/tarun/wordpress/first_project/wp-content/themes/newblog/content.php on line 22

2022-06-20T10:40:19+00:00 CRITICAL Uncaught Error: Object of class WP_Post could not be converted to string in /var/www/html/new_22/tarun/wordpress/first_project/wp-content/themes/newblog/content.php:40
Stack trace:
#0 /var/www/html/new_22/tarun/wordpress/first_project/wp-includes/template.php(772): require()
#1 /var/www/html/new_22/tarun/wordpress/first_project/wp-includes/template.php(716): load_template()
#2 /var/www/html/new_22/tarun/wordpress/first_project/wp-includes/general-template.php(204): locate_template()
#3 /var/www/html/new_22/tarun/wordpress/first_project/wp-content/themes/newblog/front-page.php(6): get_template_part()
#4 /var/www/html/new_22/tarun/wordpress/first_project/wp-includes/template-loader.php(106): include('/var/www/html/n...')
#5 /var/www/html/new_22/tarun/wordpress/first_project/wp-blog-header.php(19): require_once('/var/www/html/n...')
#6 /var/www/html/new_22/tarun/wordpress/first_project/index.php(17): require('/var/www/html/n...')
#7 {main}
  thrown in /var/www/html/new_22/tarun/wordpress/first_project/wp-content/themes/newblog/content.php on line 40

2022-06-20T10:43:08+00:00 CRITICAL Uncaught Error: Object of class WP_Post could not be converted to string in /var/www/html/new_22/tarun/wordpress/first_project/wp-content/themes/newblog/content.php:40
Stack trace:
#0 /var/www/html/new_22/tarun/wordpress/first_project/wp-includes/template.php(772): require()
#1 /var/www/html/new_22/tarun/wordpress/first_project/wp-includes/template.php(716): load_template()
#2 /var/www/html/new_22/tarun/wordpress/first_project/wp-includes/general-template.php(204): locate_template()
#3 /var/www/html/new_22/tarun/wordpress/first_project/wp-content/themes/newblog/front-page.php(6): get_template_part()
#4 /var/www/html/new_22/tarun/wordpress/first_project/wp-includes/template-loader.php(106): include('/var/www/html/n...')
#5 /var/www/html/new_22/tarun/wordpress/first_project/wp-blog-header.php(19): require_once('/var/www/html/n...')
#6 /var/www/html/new_22/tarun/wordpress/first_project/index.php(17): require('/var/www/html/n...')
#7 {main}
  thrown in /var/www/html/new_22/tarun/wordpress/first_project/wp-content/themes/newblog/content.php on line 40

2022-06-20T10:43:21+00:00 CRITICAL Uncaught Error: Object of class WP_Post could not be converted to string in /var/www/html/new_22/tarun/wordpress/first_project/wp-content/themes/newblog/content.php:40
Stack trace:
#0 /var/www/html/new_22/tarun/wordpress/first_project/wp-includes/template.php(772): require()
#1 /var/www/html/new_22/tarun/wordpress/first_project/wp-includes/template.php(716): load_template()
#2 /var/www/html/new_22/tarun/wordpress/first_project/wp-includes/general-template.php(204): locate_template()
#3 /var/www/html/new_22/tarun/wordpress/first_project/wp-content/themes/newblog/front-page.php(6): get_template_part()
#4 /var/www/html/new_22/tarun/wordpress/first_project/wp-includes/template-loader.php(106): include('/var/www/html/n...')
#5 /var/www/html/new_22/tarun/wordpress/first_project/wp-blog-header.php(19): require_once('/var/www/html/n...')
#6 /var/www/html/new_22/tarun/wordpress/first_project/index.php(17): require('/var/www/html/n...')
#7 {main}
  thrown in /var/www/html/new_22/tarun/wordpress/first_project/wp-content/themes/newblog/content.php on line 40

2022-06-20T10:43:32+00:00 CRITICAL Uncaught Error: Object of class WP_Post could not be converted to string in /var/www/html/new_22/tarun/wordpress/first_project/wp-content/themes/newblog/content.php:40
Stack trace:
#0 /var/www/html/new_22/tarun/wordpress/first_project/wp-includes/template.php(772): require()
#1 /var/www/html/new_22/tarun/wordpress/first_project/wp-includes/template.php(716): load_template()
#2 /var/www/html/new_22/tarun/wordpress/first_project/wp-includes/general-template.php(204): locate_template()
#3 /var/www/html/new_22/tarun/wordpress/first_project/wp-content/themes/newblog/front-page.php(6): get_template_part()
#4 /var/www/html/new_22/tarun/wordpress/first_project/wp-includes/template-loader.php(106): include('/var/www/html/n...')
#5 /var/www/html/new_22/tarun/wordpress/first_project/wp-blog-header.php(19): require_once('/var/www/html/n...')
#6 /var/www/html/new_22/tarun/wordpress/first_project/index.php(17): require('/var/www/html/n...')
#7 {main}
  thrown in /var/www/html/new_22/tarun/wordpress/first_project/wp-content/themes/newblog/content.php on line 40

2022-06-20T11:13:59+00:00 CRITICAL syntax error, unexpected 'endwhile' (T_ENDWHILE), expecting elseif (T_ELSEIF) or else (T_ELSE) or endif (T_ENDIF) in /var/www/html/new_22/tarun/wordpress/first_project/wp-content/themes/newblog/content.php on line 59

2022-06-20T11:14:50+00:00 CRITICAL syntax error, unexpected 'endwhile' (T_ENDWHILE), expecting elseif (T_ELSEIF) or else (T_ELSE) or endif (T_ENDIF) in /var/www/html/new_22/tarun/wordpress/first_project/wp-content/themes/newblog/content.php on line 58

