2022-06-29T10:03:08+00:00 CRITICAL Uncaught ArgumentCountError: Too few arguments to function separate_comments(), 0 passed in /var/www/html/new_22/tarun/wordpress/first_project/wp-content/themes/newblog/comments.php on line 35 and exactly 1 expected in /var/www/html/new_22/tarun/wordpress/first_project/wp-includes/comment.php:952
Stack trace:
#0 /var/www/html/new_22/tarun/wordpress/first_project/wp-content/themes/newblog/comments.php(35): separate_comments()
#1 /var/www/html/new_22/tarun/wordpress/first_project/wp-includes/comment-template.php(1556): require('/var/www/html/n...')
#2 /var/www/html/new_22/tarun/wordpress/first_project/wp-content/themes/newblog/single-post.php(133): comments_template()
#3 /var/www/html/new_22/tarun/wordpress/first_project/wp-includes/template-loader.php(106): include('/var/www/html/n...')
#4 /var/www/html/new_22/tarun/wordpress/first_project/wp-blog-header.php(19): require_once('/var/www/html/n...')
#5 /var/www/html/new_22/tarun/wordpress/first_project/index.php(17): require('/var/www/html/n...')
#6 {main}
  thr in /var/www/html/new_22/tarun/wordpress/first_project/wp-includes/comment.php on line 952

2022-06-29T11:11:23+00:00 CRITICAL Cannot redeclare callback_fn_post_excerpt() (previously declared in /var/www/html/new_22/tarun/wordpress/first_project/wp-content/themes/newblog/functions.php:190) in /var/www/html/new_22/tarun/wordpress/first_project/wp-content/themes/newblog/home.php on line 16

2022-06-29T11:12:20+00:00 CRITICAL Cannot redeclare callback_fn_post_excerpt() (previously declared in /var/www/html/new_22/tarun/wordpress/first_project/wp-content/themes/newblog/functions.php:190) in /var/www/html/new_22/tarun/wordpress/first_project/wp-content/themes/newblog/home.php on line 16

2022-06-29T11:23:01+00:00 CRITICAL Uncaught Error: Call to a member function have_posts() on null in /var/www/html/new_22/tarun/wordpress/first_project/wp-content/themes/newblog/home.php:61
Stack trace:
#0 /var/www/html/new_22/tarun/wordpress/first_project/wp-includes/template-loader.php(106): include()
#1 /var/www/html/new_22/tarun/wordpress/first_project/wp-blog-header.php(19): require_once('/var/www/html/n...')
#2 /var/www/html/new_22/tarun/wordpress/first_project/index.php(17): require('/var/www/html/n...')
#3 {main}
  thrown in /var/www/html/new_22/tarun/wordpress/first_project/wp-content/themes/newblog/home.php on line 61

2022-06-29T12:23:53+00:00 CRITICAL Cannot redeclare callback_fn_post_excerpt() (previously declared in /var/www/html/new_22/tarun/wordpress/first_project/wp-content/themes/newblog/functions.php:190) in /var/www/html/new_22/tarun/wordpress/first_project/wp-content/themes/newblog/archive.php on line 9

2022-06-29T12:24:34+00:00 CRITICAL Cannot redeclare callback_fn_post_excerpt() (previously declared in /var/www/html/new_22/tarun/wordpress/first_project/wp-content/themes/newblog/functions.php:190) in /var/www/html/new_22/tarun/wordpress/first_project/wp-content/themes/newblog/archive.php on line 9

2022-06-29T12:24:39+00:00 CRITICAL Cannot redeclare callback_fn_post_excerpt() (previously declared in /var/www/html/new_22/tarun/wordpress/first_project/wp-content/themes/newblog/functions.php:190) in /var/www/html/new_22/tarun/wordpress/first_project/wp-content/themes/newblog/archive.php on line 9

