2022-06-27T06:18:53+00:00 CRITICAL Uncaught Error: Call to a member function is_front_page() on null in /var/www/html/new_22/tarun/wordpress/first_project/wp-content/themes/newblog/search.php:126
Stack trace:
#0 /var/www/html/new_22/tarun/wordpress/first_project/wp-includes/template-loader.php(106): include()
#1 /var/www/html/new_22/tarun/wordpress/first_project/wp-blog-header.php(19): require_once('/var/www/html/n...')
#2 /var/www/html/new_22/tarun/wordpress/first_project/index.php(17): require('/var/www/html/n...')
#3 {main}
  thrown in /var/www/html/new_22/tarun/wordpress/first_project/wp-content/themes/newblog/search.php on line 126

2022-06-27T10:48:10+00:00 CRITICAL Uncaught Error: Call to a member function have_posts() on null in /var/www/html/new_22/tarun/wordpress/first_project/wp-content/themes/newblog/content-main.php:30
Stack trace:
#0 /var/www/html/new_22/tarun/wordpress/first_project/wp-includes/template.php(772): require()
#1 /var/www/html/new_22/tarun/wordpress/first_project/wp-includes/template.php(716): load_template()
#2 /var/www/html/new_22/tarun/wordpress/first_project/wp-includes/general-template.php(204): locate_template()
#3 /var/www/html/new_22/tarun/wordpress/first_project/wp-content/themes/newblog/content-blog-list.php(14): get_template_part()
#4 /var/www/html/new_22/tarun/wordpress/first_project/wp-includes/template.php(772): require('/var/www/html/n...')
#5 /var/www/html/new_22/tarun/wordpress/first_project/wp-includes/template.php(716): load_template()
#6 /var/www/html/new_22/tarun/wordpress/first_project/wp-includes/general-template.php(204): locate_template()
#7 /var/www/html/new_22/tarun/wordpress/first_project/wp-content/themes/newblog/front-p in /var/www/html/new_22/tarun/wordpress/first_project/wp-content/themes/newblog/content-main.php on line 30

2022-06-27T10:49:28+00:00 CRITICAL Uncaught Error: Call to a member function have_posts() on null in /var/www/html/new_22/tarun/wordpress/first_project/wp-content/themes/newblog/content-main.php:30
Stack trace:
#0 /var/www/html/new_22/tarun/wordpress/first_project/wp-includes/template.php(772): require()
#1 /var/www/html/new_22/tarun/wordpress/first_project/wp-includes/template.php(716): load_template()
#2 /var/www/html/new_22/tarun/wordpress/first_project/wp-includes/general-template.php(204): locate_template()
#3 /var/www/html/new_22/tarun/wordpress/first_project/wp-content/themes/newblog/content-blog-list.php(14): get_template_part()
#4 /var/www/html/new_22/tarun/wordpress/first_project/wp-includes/template.php(772): require('/var/www/html/n...')
#5 /var/www/html/new_22/tarun/wordpress/first_project/wp-includes/template.php(716): load_template()
#6 /var/www/html/new_22/tarun/wordpress/first_project/wp-includes/general-template.php(204): locate_template()
#7 /var/www/html/new_22/tarun/wordpress/first_project/wp-content/themes/newblog/front-p in /var/www/html/new_22/tarun/wordpress/first_project/wp-content/themes/newblog/content-main.php on line 30

2022-06-27T10:49:54+00:00 CRITICAL Uncaught Error: Call to a member function have_posts() on null in /var/www/html/new_22/tarun/wordpress/first_project/wp-content/themes/newblog/content-main.php:30
Stack trace:
#0 /var/www/html/new_22/tarun/wordpress/first_project/wp-includes/template.php(772): require()
#1 /var/www/html/new_22/tarun/wordpress/first_project/wp-includes/template.php(716): load_template()
#2 /var/www/html/new_22/tarun/wordpress/first_project/wp-includes/general-template.php(204): locate_template()
#3 /var/www/html/new_22/tarun/wordpress/first_project/wp-content/themes/newblog/content-blog-list.php(14): get_template_part()
#4 /var/www/html/new_22/tarun/wordpress/first_project/wp-includes/template.php(772): require('/var/www/html/n...')
#5 /var/www/html/new_22/tarun/wordpress/first_project/wp-includes/template.php(716): load_template()
#6 /var/www/html/new_22/tarun/wordpress/first_project/wp-includes/general-template.php(204): locate_template()
#7 /var/www/html/new_22/tarun/wordpress/first_project/wp-content/themes/newblog/archive in /var/www/html/new_22/tarun/wordpress/first_project/wp-content/themes/newblog/content-main.php on line 30

2022-06-27T10:50:41+00:00 CRITICAL Uncaught Error: Call to a member function have_posts() on null in /var/www/html/new_22/tarun/wordpress/first_project/wp-content/themes/newblog/content-main.php:30
Stack trace:
#0 /var/www/html/new_22/tarun/wordpress/first_project/wp-includes/template.php(772): require()
#1 /var/www/html/new_22/tarun/wordpress/first_project/wp-includes/template.php(716): load_template()
#2 /var/www/html/new_22/tarun/wordpress/first_project/wp-includes/general-template.php(204): locate_template()
#3 /var/www/html/new_22/tarun/wordpress/first_project/wp-content/themes/newblog/content-blog-list.php(14): get_template_part()
#4 /var/www/html/new_22/tarun/wordpress/first_project/wp-includes/template.php(772): require('/var/www/html/n...')
#5 /var/www/html/new_22/tarun/wordpress/first_project/wp-includes/template.php(716): load_template()
#6 /var/www/html/new_22/tarun/wordpress/first_project/wp-includes/general-template.php(204): locate_template()
#7 /var/www/html/new_22/tarun/wordpress/first_project/wp-content/themes/newblog/archive in /var/www/html/new_22/tarun/wordpress/first_project/wp-content/themes/newblog/content-main.php on line 30

2022-06-27T11:00:45+00:00 CRITICAL Uncaught Error: Call to a member function have_posts() on null in /var/www/html/new_22/tarun/wordpress/first_project/wp-content/themes/newblog/content-main.php:29
Stack trace:
#0 /var/www/html/new_22/tarun/wordpress/first_project/wp-includes/template.php(772): require()
#1 /var/www/html/new_22/tarun/wordpress/first_project/wp-includes/template.php(716): load_template()
#2 /var/www/html/new_22/tarun/wordpress/first_project/wp-includes/general-template.php(204): locate_template()
#3 /var/www/html/new_22/tarun/wordpress/first_project/wp-content/themes/newblog/content-blog-list.php(15): get_template_part()
#4 /var/www/html/new_22/tarun/wordpress/first_project/wp-includes/template.php(772): require('/var/www/html/n...')
#5 /var/www/html/new_22/tarun/wordpress/first_project/wp-includes/template.php(716): load_template()
#6 /var/www/html/new_22/tarun/wordpress/first_project/wp-includes/general-template.php(204): locate_template()
#7 /var/www/html/new_22/tarun/wordpress/first_project/wp-content/themes/newblog/front-p in /var/www/html/new_22/tarun/wordpress/first_project/wp-content/themes/newblog/content-main.php on line 29

2022-06-27T11:03:44+00:00 CRITICAL Uncaught Error: Call to a member function have_posts() on null in /var/www/html/new_22/tarun/wordpress/first_project/wp-content/themes/newblog/content-main.php:29
Stack trace:
#0 /var/www/html/new_22/tarun/wordpress/first_project/wp-includes/template.php(772): require()
#1 /var/www/html/new_22/tarun/wordpress/first_project/wp-includes/template.php(716): load_template()
#2 /var/www/html/new_22/tarun/wordpress/first_project/wp-includes/general-template.php(204): locate_template()
#3 /var/www/html/new_22/tarun/wordpress/first_project/wp-content/themes/newblog/content-blog-list.php(15): get_template_part()
#4 /var/www/html/new_22/tarun/wordpress/first_project/wp-includes/template.php(772): require('/var/www/html/n...')
#5 /var/www/html/new_22/tarun/wordpress/first_project/wp-includes/template.php(716): load_template()
#6 /var/www/html/new_22/tarun/wordpress/first_project/wp-includes/general-template.php(204): locate_template()
#7 /var/www/html/new_22/tarun/wordpress/first_project/wp-content/themes/newblog/front-p in /var/www/html/new_22/tarun/wordpress/first_project/wp-content/themes/newblog/content-main.php on line 29

2022-06-27T11:36:20+00:00 CRITICAL Uncaught Error: Object of class WP_Error could not be converted to string in /var/www/html/new_22/tarun/wordpress/first_project/wp-content/themes/newblog/archive.php:6
Stack trace:
#0 /var/www/html/new_22/tarun/wordpress/first_project/wp-includes/template-loader.php(106): include()
#1 /var/www/html/new_22/tarun/wordpress/first_project/wp-blog-header.php(19): require_once('/var/www/html/n...')
#2 /var/www/html/new_22/tarun/wordpress/first_project/index.php(17): require('/var/www/html/n...')
#3 {main}
  thrown in /var/www/html/new_22/tarun/wordpress/first_project/wp-content/themes/newblog/archive.php on line 6

2022-06-27T11:36:37+00:00 CRITICAL Uncaught Error: Object of class WP_Error could not be converted to string in /var/www/html/new_22/tarun/wordpress/first_project/wp-content/themes/newblog/archive.php:6
Stack trace:
#0 /var/www/html/new_22/tarun/wordpress/first_project/wp-includes/template-loader.php(106): include()
#1 /var/www/html/new_22/tarun/wordpress/first_project/wp-blog-header.php(19): require_once('/var/www/html/n...')
#2 /var/www/html/new_22/tarun/wordpress/first_project/index.php(17): require('/var/www/html/n...')
#3 {main}
  thrown in /var/www/html/new_22/tarun/wordpress/first_project/wp-content/themes/newblog/archive.php on line 6

2022-06-27T11:37:04+00:00 CRITICAL Uncaught Error: Object of class WP_Error could not be converted to string in /var/www/html/new_22/tarun/wordpress/first_project/wp-content/themes/newblog/archive.php:7
Stack trace:
#0 /var/www/html/new_22/tarun/wordpress/first_project/wp-includes/template-loader.php(106): include()
#1 /var/www/html/new_22/tarun/wordpress/first_project/wp-blog-header.php(19): require_once('/var/www/html/n...')
#2 /var/www/html/new_22/tarun/wordpress/first_project/index.php(17): require('/var/www/html/n...')
#3 {main}
  thrown in /var/www/html/new_22/tarun/wordpress/first_project/wp-content/themes/newblog/archive.php on line 7

2022-06-27T11:37:07+00:00 CRITICAL Uncaught Error: Object of class WP_Error could not be converted to string in /var/www/html/new_22/tarun/wordpress/first_project/wp-content/themes/newblog/archive.php:7
Stack trace:
#0 /var/www/html/new_22/tarun/wordpress/first_project/wp-includes/template-loader.php(106): include()
#1 /var/www/html/new_22/tarun/wordpress/first_project/wp-blog-header.php(19): require_once('/var/www/html/n...')
#2 /var/www/html/new_22/tarun/wordpress/first_project/index.php(17): require('/var/www/html/n...')
#3 {main}
  thrown in /var/www/html/new_22/tarun/wordpress/first_project/wp-content/themes/newblog/archive.php on line 7

2022-06-27T11:42:48+00:00 CRITICAL Uncaught Error: Call to a member function is_front_page() on null in /var/www/html/new_22/tarun/wordpress/first_project/wp-content/themes/newblog/archive.php:151
Stack trace:
#0 /var/www/html/new_22/tarun/wordpress/first_project/wp-includes/template-loader.php(106): include()
#1 /var/www/html/new_22/tarun/wordpress/first_project/wp-blog-header.php(19): require_once('/var/www/html/n...')
#2 /var/www/html/new_22/tarun/wordpress/first_project/index.php(17): require('/var/www/html/n...')
#3 {main}
  thrown in /var/www/html/new_22/tarun/wordpress/first_project/wp-content/themes/newblog/archive.php on line 151

2022-06-27T11:43:17+00:00 CRITICAL Uncaught Error: Call to a member function is_front_page() on null in /var/www/html/new_22/tarun/wordpress/first_project/wp-content/themes/newblog/archive.php:151
Stack trace:
#0 /var/www/html/new_22/tarun/wordpress/first_project/wp-includes/template-loader.php(106): include()
#1 /var/www/html/new_22/tarun/wordpress/first_project/wp-blog-header.php(19): require_once('/var/www/html/n...')
#2 /var/www/html/new_22/tarun/wordpress/first_project/index.php(17): require('/var/www/html/n...')
#3 {main}
  thrown in /var/www/html/new_22/tarun/wordpress/first_project/wp-content/themes/newblog/archive.php on line 151

2022-06-27T11:43:42+00:00 CRITICAL Uncaught Error: Call to a member function is_front_page() on null in /var/www/html/new_22/tarun/wordpress/first_project/wp-content/themes/newblog/archive.php:151
Stack trace:
#0 /var/www/html/new_22/tarun/wordpress/first_project/wp-includes/template-loader.php(106): include()
#1 /var/www/html/new_22/tarun/wordpress/first_project/wp-blog-header.php(19): require_once('/var/www/html/n...')
#2 /var/www/html/new_22/tarun/wordpress/first_project/index.php(17): require('/var/www/html/n...')
#3 {main}
  thrown in /var/www/html/new_22/tarun/wordpress/first_project/wp-content/themes/newblog/archive.php on line 151

2022-06-27T11:45:25+00:00 CRITICAL Uncaught Error: Call to a member function is_front_page() on null in /var/www/html/new_22/tarun/wordpress/first_project/wp-content/themes/newblog/archive.php:151
Stack trace:
#0 /var/www/html/new_22/tarun/wordpress/first_project/wp-includes/template-loader.php(106): include()
#1 /var/www/html/new_22/tarun/wordpress/first_project/wp-blog-header.php(19): require_once('/var/www/html/n...')
#2 /var/www/html/new_22/tarun/wordpress/first_project/index.php(17): require('/var/www/html/n...')
#3 {main}
  thrown in /var/www/html/new_22/tarun/wordpress/first_project/wp-content/themes/newblog/archive.php on line 151

2022-06-27T11:46:14+00:00 CRITICAL Uncaught Error: Call to a member function is_front_page() on null in /var/www/html/new_22/tarun/wordpress/first_project/wp-content/themes/newblog/archive.php:151
Stack trace:
#0 /var/www/html/new_22/tarun/wordpress/first_project/wp-includes/template-loader.php(106): include()
#1 /var/www/html/new_22/tarun/wordpress/first_project/wp-blog-header.php(19): require_once('/var/www/html/n...')
#2 /var/www/html/new_22/tarun/wordpress/first_project/index.php(17): require('/var/www/html/n...')
#3 {main}
  thrown in /var/www/html/new_22/tarun/wordpress/first_project/wp-content/themes/newblog/archive.php on line 151

2022-06-27T11:46:39+00:00 CRITICAL Uncaught Error: Call to a member function is_front_page() on null in /var/www/html/new_22/tarun/wordpress/first_project/wp-content/themes/newblog/archive.php:151
Stack trace:
#0 /var/www/html/new_22/tarun/wordpress/first_project/wp-includes/template-loader.php(106): include()
#1 /var/www/html/new_22/tarun/wordpress/first_project/wp-blog-header.php(19): require_once('/var/www/html/n...')
#2 /var/www/html/new_22/tarun/wordpress/first_project/index.php(17): require('/var/www/html/n...')
#3 {main}
  thrown in /var/www/html/new_22/tarun/wordpress/first_project/wp-content/themes/newblog/archive.php on line 151

2022-06-27T11:46:53+00:00 CRITICAL Uncaught Error: Call to a member function is_front_page() on null in /var/www/html/new_22/tarun/wordpress/first_project/wp-content/themes/newblog/archive.php:151
Stack trace:
#0 /var/www/html/new_22/tarun/wordpress/first_project/wp-includes/template-loader.php(106): include()
#1 /var/www/html/new_22/tarun/wordpress/first_project/wp-blog-header.php(19): require_once('/var/www/html/n...')
#2 /var/www/html/new_22/tarun/wordpress/first_project/index.php(17): require('/var/www/html/n...')
#3 {main}
  thrown in /var/www/html/new_22/tarun/wordpress/first_project/wp-content/themes/newblog/archive.php on line 151

2022-06-27T11:47:15+00:00 CRITICAL Uncaught Error: Call to a member function is_front_page() on null in /var/www/html/new_22/tarun/wordpress/first_project/wp-content/themes/newblog/archive.php:151
Stack trace:
#0 /var/www/html/new_22/tarun/wordpress/first_project/wp-includes/template-loader.php(106): include()
#1 /var/www/html/new_22/tarun/wordpress/first_project/wp-blog-header.php(19): require_once('/var/www/html/n...')
#2 /var/www/html/new_22/tarun/wordpress/first_project/index.php(17): require('/var/www/html/n...')
#3 {main}
  thrown in /var/www/html/new_22/tarun/wordpress/first_project/wp-content/themes/newblog/archive.php on line 151

2022-06-27T11:47:30+00:00 CRITICAL Uncaught Error: Call to a member function is_front_page() on null in /var/www/html/new_22/tarun/wordpress/first_project/wp-content/themes/newblog/archive.php:151
Stack trace:
#0 /var/www/html/new_22/tarun/wordpress/first_project/wp-includes/template-loader.php(106): include()
#1 /var/www/html/new_22/tarun/wordpress/first_project/wp-blog-header.php(19): require_once('/var/www/html/n...')
#2 /var/www/html/new_22/tarun/wordpress/first_project/index.php(17): require('/var/www/html/n...')
#3 {main}
  thrown in /var/www/html/new_22/tarun/wordpress/first_project/wp-content/themes/newblog/archive.php on line 151

2022-06-27T11:48:42+00:00 CRITICAL Uncaught Error: Call to a member function is_front_page() on null in /var/www/html/new_22/tarun/wordpress/first_project/wp-content/themes/newblog/archive.php:151
Stack trace:
#0 /var/www/html/new_22/tarun/wordpress/first_project/wp-includes/template-loader.php(106): include()
#1 /var/www/html/new_22/tarun/wordpress/first_project/wp-blog-header.php(19): require_once('/var/www/html/n...')
#2 /var/www/html/new_22/tarun/wordpress/first_project/index.php(17): require('/var/www/html/n...')
#3 {main}
  thrown in /var/www/html/new_22/tarun/wordpress/first_project/wp-content/themes/newblog/archive.php on line 151

2022-06-27T11:49:26+00:00 CRITICAL Uncaught Error: Call to a member function is_front_page() on null in /var/www/html/new_22/tarun/wordpress/first_project/wp-content/themes/newblog/archive.php:151
Stack trace:
#0 /var/www/html/new_22/tarun/wordpress/first_project/wp-includes/template-loader.php(106): include()
#1 /var/www/html/new_22/tarun/wordpress/first_project/wp-blog-header.php(19): require_once('/var/www/html/n...')
#2 /var/www/html/new_22/tarun/wordpress/first_project/index.php(17): require('/var/www/html/n...')
#3 {main}
  thrown in /var/www/html/new_22/tarun/wordpress/first_project/wp-content/themes/newblog/archive.php on line 151

2022-06-27T11:49:45+00:00 CRITICAL Uncaught Error: Call to a member function is_front_page() on null in /var/www/html/new_22/tarun/wordpress/first_project/wp-content/themes/newblog/archive.php:151
Stack trace:
#0 /var/www/html/new_22/tarun/wordpress/first_project/wp-includes/template-loader.php(106): include()
#1 /var/www/html/new_22/tarun/wordpress/first_project/wp-blog-header.php(19): require_once('/var/www/html/n...')
#2 /var/www/html/new_22/tarun/wordpress/first_project/index.php(17): require('/var/www/html/n...')
#3 {main}
  thrown in /var/www/html/new_22/tarun/wordpress/first_project/wp-content/themes/newblog/archive.php on line 151

