2022-07-05T09:54:12+00:00 CRITICAL Uncaught Error: Class 'WP_Bootstrap_Navwalker' not found in /var/www/html/new_22/tarun/wordpress/first_project/wp-content/themes/newblog/header.php:66
Stack trace:
#0 /var/www/html/new_22/tarun/wordpress/first_project/wp-includes/template.php(770): require_once()
#1 /var/www/html/new_22/tarun/wordpress/first_project/wp-includes/template.php(716): load_template()
#2 /var/www/html/new_22/tarun/wordpress/first_project/wp-includes/general-template.php(48): locate_template()
#3 /var/www/html/new_22/tarun/wordpress/first_project/wp-content/themes/newblog/woocommerce/archive-product.php(20): get_header()
#4 /var/www/html/new_22/tarun/wordpress/first_project/wp-includes/template-loader.php(106): include('/var/www/html/n...')
#5 /var/www/html/new_22/tarun/wordpress/first_project/wp-blog-header.php(19): require_once('/var/www/html/n...')
#6 /var/www/html/new_22/tarun/wordpress/first_project/index.php(17): require('/var/www/html/n...')
#7 {main}
  thrown in /var/www/html/new_22/tarun/wordpress/first_project/wp-content/themes/newblog/header.php on line 66

2022-07-05T10:56:51+00:00 CRITICAL Uncaught ArgumentCountError: Too few arguments to function simple_bootstrap_add_anchor_links(), 1 passed in /var/www/html/new_22/tarun/wordpress/first_project/wp-includes/class-wp-hook.php on line 309 and exactly 3 expected in /var/www/html/new_22/tarun/wordpress/first_project/wp-content/themes/newblog/functions.php:409
Stack trace:
#0 /var/www/html/new_22/tarun/wordpress/first_project/wp-includes/class-wp-hook.php(309): simple_bootstrap_add_anchor_links()
#1 /var/www/html/new_22/tarun/wordpress/first_project/wp-includes/plugin.php(191): WP_Hook->apply_filters()
#2 /var/www/html/new_22/tarun/wordpress/first_project/wp-includes/class-walker-nav-menu.php(207): apply_filters()
#3 /var/www/html/new_22/tarun/wordpress/first_project/wp-includes/class-wp-walker.php(146): Walker_Nav_Menu->start_el()
#4 /var/www/html/new_22/tarun/wordpress/first_project/wp-includes/class-wp-walker.php(246): Walker->display_element()
#5 /var/www/html/new_22/tarun/wordpress/first_project/wp-includes/nav-menu-template.php(608): Walker->w in /var/www/html/new_22/tarun/wordpress/first_project/wp-content/themes/newblog/functions.php on line 409

2022-07-05T10:57:02+00:00 CRITICAL Uncaught ArgumentCountError: Too few arguments to function simple_bootstrap_add_anchor_links(), 1 passed in /var/www/html/new_22/tarun/wordpress/first_project/wp-includes/class-wp-hook.php on line 309 and exactly 3 expected in /var/www/html/new_22/tarun/wordpress/first_project/wp-content/themes/newblog/functions.php:409
Stack trace:
#0 /var/www/html/new_22/tarun/wordpress/first_project/wp-includes/class-wp-hook.php(309): simple_bootstrap_add_anchor_links()
#1 /var/www/html/new_22/tarun/wordpress/first_project/wp-includes/plugin.php(191): WP_Hook->apply_filters()
#2 /var/www/html/new_22/tarun/wordpress/first_project/wp-includes/class-walker-nav-menu.php(207): apply_filters()
#3 /var/www/html/new_22/tarun/wordpress/first_project/wp-includes/class-wp-walker.php(146): Walker_Nav_Menu->start_el()
#4 /var/www/html/new_22/tarun/wordpress/first_project/wp-includes/class-wp-walker.php(246): Walker->display_element()
#5 /var/www/html/new_22/tarun/wordpress/first_project/wp-includes/nav-menu-template.php(608): Walker->w in /var/www/html/new_22/tarun/wordpress/first_project/wp-content/themes/newblog/functions.php on line 409

2022-07-05T11:00:06+00:00 CRITICAL Uncaught ArgumentCountError: Too few arguments to function simple_bootstrap_theme_add_anchor_links(), 1 passed in /var/www/html/new_22/tarun/wordpress/first_project/wp-includes/class-wp-hook.php on line 309 and exactly 3 expected in /var/www/html/new_22/tarun/wordpress/first_project/wp-content/themes/newblog/functions.php:409
Stack trace:
#0 /var/www/html/new_22/tarun/wordpress/first_project/wp-includes/class-wp-hook.php(309): simple_bootstrap_theme_add_anchor_links()
#1 /var/www/html/new_22/tarun/wordpress/first_project/wp-includes/plugin.php(191): WP_Hook->apply_filters()
#2 /var/www/html/new_22/tarun/wordpress/first_project/wp-includes/class-walker-nav-menu.php(207): apply_filters()
#3 /var/www/html/new_22/tarun/wordpress/first_project/wp-includes/class-wp-walker.php(146): Walker_Nav_Menu->start_el()
#4 /var/www/html/new_22/tarun/wordpress/first_project/wp-includes/class-wp-walker.php(246): Walker->display_element()
#5 /var/www/html/new_22/tarun/wordpress/first_project/wp-includes/nav-menu-template.php(608 in /var/www/html/new_22/tarun/wordpress/first_project/wp-content/themes/newblog/functions.php on line 409

2022-07-05T11:09:03+00:00 CRITICAL Uncaught ArgumentCountError: Too few arguments to function simple_bootstrap_theme_add_anchor_links(), 1 passed in /var/www/html/new_22/tarun/wordpress/first_project/wp-includes/class-wp-hook.php on line 309 and exactly 3 expected in /var/www/html/new_22/tarun/wordpress/first_project/wp-content/themes/newblog/functions.php:408
Stack trace:
#0 /var/www/html/new_22/tarun/wordpress/first_project/wp-includes/class-wp-hook.php(309): simple_bootstrap_theme_add_anchor_links()
#1 /var/www/html/new_22/tarun/wordpress/first_project/wp-includes/plugin.php(191): WP_Hook->apply_filters()
#2 /var/www/html/new_22/tarun/wordpress/first_project/wp-includes/class-walker-nav-menu.php(207): apply_filters()
#3 /var/www/html/new_22/tarun/wordpress/first_project/wp-includes/class-wp-walker.php(146): Walker_Nav_Menu->start_el()
#4 /var/www/html/new_22/tarun/wordpress/first_project/wp-includes/class-wp-walker.php(246): Walker->display_element()
#5 /var/www/html/new_22/tarun/wordpress/first_project/wp-includes/nav-menu-template.php(608 in /var/www/html/new_22/tarun/wordpress/first_project/wp-content/themes/newblog/functions.php on line 408

