2022-06-30T04:55:10+00:00 ERROR Error getting data feed
2022-06-30T04:55:10+00:00 ERROR WP_Error Object
(
    [errors] => Array
        (
            [http_request_failed] => Array
                (
                    [0] => cURL error 6: Could not resolve host: woocommerce.com
                )

        )

    [error_data] => Array
        (
        )

    [additional_data:protected] => Array
        (
        )

)

2022-06-30T04:57:34+00:00 ERROR Error getting data feed
2022-06-30T04:57:34+00:00 ERROR WP_Error Object
(
    [errors] => Array
        (
            [http_request_failed] => Array
                (
                    [0] => cURL error 6: Could not resolve host: woocommerce.com
                )

        )

    [error_data] => Array
        (
        )

    [additional_data:protected] => Array
        (
        )

)

2022-06-30T05:25:52+00:00 ERROR Error getting data feed
2022-06-30T05:25:52+00:00 ERROR WP_Error Object
(
    [errors] => Array
        (
            [http_request_failed] => Array
                (
                    [0] => cURL error 6: Could not resolve host: woocommerce.com
                )

        )

    [error_data] => Array
        (
        )

    [additional_data:protected] => Array
        (
        )

)

2022-06-30T05:49:51+00:00 ERROR Error getting data feed
2022-06-30T05:49:51+00:00 ERROR WP_Error Object
(
    [errors] => Array
        (
            [http_request_failed] => Array
                (
                    [0] => cURL error 6: Could not resolve host: woocommerce.com
                )

        )

    [error_data] => Array
        (
        )

    [additional_data:protected] => Array
        (
        )

)

2022-06-30T07:20:45+00:00 ERROR Error getting data feed
2022-06-30T07:20:45+00:00 ERROR WP_Error Object
(
    [errors] => Array
        (
            [http_request_failed] => Array
                (
                    [0] => cURL error 6: Could not resolve host: woocommerce.com
                )

        )

    [error_data] => Array
        (
        )

    [additional_data:protected] => Array
        (
        )

)

2022-06-30T07:20:57+00:00 ERROR Error getting data feed
2022-06-30T07:20:57+00:00 ERROR WP_Error Object
(
    [errors] => Array
        (
            [http_request_failed] => Array
                (
                    [0] => cURL error 6: Could not resolve host: woocommerce.com
                )

        )

    [error_data] => Array
        (
        )

    [additional_data:protected] => Array
        (
        )

)

2022-06-30T07:21:04+00:00 ERROR Error getting data feed
2022-06-30T07:21:04+00:00 ERROR WP_Error Object
(
    [errors] => Array
        (
            [http_request_failed] => Array
                (
                    [0] => cURL error 6: Could not resolve host: woocommerce.com
                )

        )

    [error_data] => Array
        (
        )

    [additional_data:protected] => Array
        (
        )

)

2022-06-30T08:39:01+00:00 ERROR Error getting data feed
2022-06-30T08:39:01+00:00 ERROR WP_Error Object
(
    [errors] => Array
        (
            [http_request_failed] => Array
                (
                    [0] => cURL error 6: Could not resolve host: woocommerce.com
                )

        )

    [error_data] => Array
        (
        )

    [additional_data:protected] => Array
        (
        )

)

2022-06-30T08:39:13+00:00 ERROR Error getting data feed
2022-06-30T08:39:13+00:00 ERROR WP_Error Object
(
    [errors] => Array
        (
            [http_request_failed] => Array
                (
                    [0] => cURL error 6: Could not resolve host: woocommerce.com
                )

        )

    [error_data] => Array
        (
        )

    [additional_data:protected] => Array
        (
        )

)

2022-06-30T08:44:32+00:00 ERROR Error getting data feed
2022-06-30T08:44:32+00:00 ERROR WP_Error Object
(
    [errors] => Array
        (
            [http_request_failed] => Array
                (
                    [0] => cURL error 6: Could not resolve host: woocommerce.com
                )

        )

    [error_data] => Array
        (
        )

    [additional_data:protected] => Array
        (
        )

)

2022-06-30T10:58:55+00:00 ERROR Error getting data feed
2022-06-30T10:58:55+00:00 ERROR WP_Error Object
(
    [errors] => Array
        (
            [http_request_failed] => Array
                (
                    [0] => cURL error 6: Could not resolve host: woocommerce.com
                )

        )

    [error_data] => Array
        (
        )

    [additional_data:protected] => Array
        (
        )

)

2022-06-30T10:58:55+00:00 ERROR Error getting data feed
2022-06-30T10:58:55+00:00 ERROR WP_Error Object
(
    [errors] => Array
        (
            [http_request_failed] => Array
                (
                    [0] => cURL error 6: Could not resolve host: woocommerce.com
                )

        )

    [error_data] => Array
        (
        )

    [additional_data:protected] => Array
        (
        )

)

